<?xml version="1.0" encoding="UTF-8"?>
<!-- Generated by org.testng.reporters.JUnitXMLReporter -->
<testsuite hostname="LTIN240152" ignored="0" name="Test" tests="4" failures="0" timestamp="22 Jan 2022 10:18:49 GMT" time="0.047" errors="0">
  <testcase name="@BeforeSuite launchwebsite" time="4.738" classname="tests.Test_Flipkart">
    <failure type="org.openqa.selenium.SessionNotCreatedException" message="session not created: This version of ChromeDriver only supports Chrome version 89
Current browser version is 95.0.4638.69 with binary path C:\Program Files\Google\Chrome\Application\chrome.exe
Build info: version: &amp;apos;3.141.59&amp;apos;, revision: &amp;apos;e82be7d358&amp;apos;, time: &amp;apos;2018-11-14T08:17:03&amp;apos;
System info: host: &amp;apos;LTIN240152&amp;apos;, ip: &amp;apos;192.168.225.125&amp;apos;, os.name: &amp;apos;Windows 10&amp;apos;, os.arch: &amp;apos;amd64&amp;apos;, os.version: &amp;apos;10.0&amp;apos;, java.version: &amp;apos;1.8.0_251&amp;apos;
Driver info: driver.version: ChromeDriver
remote stacktrace: Backtrace:
	Ordinal0 [0x009AE7D3+124883]
	Ordinal0 [0x009AE7B1+124849]
	GetHandleVerifier [0x00BF8688+193832]
	GetHandleVerifier [0x00C13AC5+305509]
	GetHandleVerifier [0x00C1021B+291003]
	GetHandleVerifier [0x00C0E0AC+282444]
	GetHandleVerifier [0x00C34A90+440624]
	GetHandleVerifier [0x00C347FC+439964]
	GetHandleVerifier [0x00C3154B+426987]
	GetHandleVerifier [0x00C14FFD+310941]
	GetHandleVerifier [0x00C15D8E+314414]
	GetHandleVerifier [0x00C15D19+314297]
	GetHandleVerifier [0x00CD31EC+1089676]
	GetHandleVerifier [0x00CD17C9+1082985]
	GetHandleVerifier [0x00CD13A3+1081923]
	GetHandleVerifier [0x00DCD9FD+2115741]
	Ordinal0 [0x00AFB82E+1488942]
	Ordinal0 [0x00A95A7D+1071741]
	Ordinal0 [0x00A9559B+1070491]
	Ordinal0 [0x00A954B1+1070257]
	Ordinal0 [0x00ACFF53+1310547]
	BaseThreadInitThunk [0x759E6359+25]
	RtlGetAppContainerNamedObjectPath [0x774D87A4+228]
	RtlGetAppContainerNamedObjectPath [0x774D8774+180]
">
      <![CDATA[org.openqa.selenium.SessionNotCreatedException: session not created: This version of ChromeDriver only supports Chrome version 89
Current browser version is 95.0.4638.69 with binary path C:\Program Files\Google\Chrome\Application\chrome.exe
Build info: version: '3.141.59', revision: 'e82be7d358', time: '2018-11-14T08:17:03'
System info: host: 'LTIN240152', ip: '192.168.225.125', os.name: 'Windows 10', os.arch: 'amd64', os.version: '10.0', java.version: '1.8.0_251'
Driver info: driver.version: ChromeDriver
remote stacktrace: Backtrace:
Ordinal0 [0x009AE7D3+124883]
Ordinal0 [0x009AE7B1+124849]
GetHandleVerifier [0x00BF8688+193832]
GetHandleVerifier [0x00C13AC5+305509]
GetHandleVerifier [0x00C1021B+291003]
GetHandleVerifier [0x00C0E0AC+282444]
GetHandleVerifier [0x00C34A90+440624]
GetHandleVerifier [0x00C347FC+439964]
GetHandleVerifier [0x00C3154B+426987]
GetHandleVerifier [0x00C14FFD+310941]
GetHandleVerifier [0x00C15D8E+314414]
GetHandleVerifier [0x00C15D19+314297]
GetHandleVerifier [0x00CD31EC+1089676]
GetHandleVerifier [0x00CD17C9+1082985]
GetHandleVerifier [0x00CD13A3+1081923]
GetHandleVerifier [0x00DCD9FD+2115741]
Ordinal0 [0x00AFB82E+1488942]
Ordinal0 [0x00A95A7D+1071741]
Ordinal0 [0x00A9559B+1070491]
Ordinal0 [0x00A954B1+1070257]
Ordinal0 [0x00ACFF53+1310547]
BaseThreadInitThunk [0x759E6359+25]
RtlGetAppContainerNamedObjectPath [0x774D87A4+228]
RtlGetAppContainerNamedObjectPath [0x774D8774+180]

at org.openqa.selenium.remote.W3CHandshakeResponse.lambda$errorHandler$0(W3CHandshakeResponse.java:62)
at org.openqa.selenium.remote.HandshakeResponse.lambda$getResponseFunction$0(HandshakeResponse.java:30)
at org.openqa.selenium.remote.ProtocolHandshake.lambda$createSession$0(ProtocolHandshake.java:126)
at java.util.stream.ReferencePipeline$3$1.accept(ReferencePipeline.java:193)
at java.util.Spliterators$ArraySpliterator.tryAdvance(Spliterators.java:958)
at java.util.stream.ReferencePipeline.forEachWithCancel(ReferencePipeline.java:126)
at java.util.stream.AbstractPipeline.copyIntoWithCancel(AbstractPipeline.java:499)
at java.util.stream.AbstractPipeline.copyInto(AbstractPipeline.java:486)
at java.util.stream.AbstractPipeline.wrapAndCopyInto(AbstractPipeline.java:472)
at java.util.stream.FindOps$FindOp.evaluateSequential(FindOps.java:152)
at java.util.stream.AbstractPipeline.evaluate(AbstractPipeline.java:234)
at java.util.stream.ReferencePipeline.findFirst(ReferencePipeline.java:464)
at org.openqa.selenium.remote.ProtocolHandshake.createSession(ProtocolHandshake.java:128)
at org.openqa.selenium.remote.ProtocolHandshake.createSession(ProtocolHandshake.java:74)
at org.openqa.selenium.remote.HttpCommandExecutor.execute(HttpCommandExecutor.java:136)
at org.openqa.selenium.remote.service.DriverCommandExecutor.execute(DriverCommandExecutor.java:83)
at org.openqa.selenium.remote.RemoteWebDriver.execute(RemoteWebDriver.java:552)
at org.openqa.selenium.remote.RemoteWebDriver.startSession(RemoteWebDriver.java:213)
at org.openqa.selenium.remote.RemoteWebDriver.<init>(RemoteWebDriver.java:131)
at org.openqa.selenium.chrome.ChromeDriver.<init>(ChromeDriver.java:181)
at org.openqa.selenium.chrome.ChromeDriver.<init>(ChromeDriver.java:168)
at org.openqa.selenium.chrome.ChromeDriver.<init>(ChromeDriver.java:123)
at tests.Test_Flipkart.launchwebsite(Test_Flipkart.java:33)
... Removed 24 stack frames]]>
    </failure>
  </testcase> <!-- @BeforeSuite launchwebsite -->
  <testcase name="Login" time="0.0" classname="tests.Test_Flipkart">
    <skipped/>
  </testcase> <!-- Login -->
  <testcase name="AddFirstPhone_UsingFilters" time="0.0" classname="tests.Test_Flipkart">
    <skipped/>
  </testcase> <!-- AddFirstPhone_UsingFilters -->
  <testcase name="AddSecondPhone_UsingSearch" time="0.0" classname="tests.Test_Flipkart">
    <skipped/>
  </testcase> <!-- AddSecondPhone_UsingSearch -->
  <testcase name="AddToCart" time="0.0" classname="tests.Test_Flipkart">
    <skipped/>
  </testcase> <!-- AddToCart -->
</testsuite> <!-- Test -->
